-------------------------------------------------------------------------------
Test set: com.springazuremessaging.demo.DemoApplicationTests
-------------------------------------------------------------------------------
Tests run: 1, Failures: 0, Errors: 1, Skipped: 0, Time elapsed: 4.445 s <<< FAILURE! - in com.springazuremessaging.demo.DemoApplicationTests
contextLoads  Time elapsed: 0.004 s  <<< ERROR!
java.lang.IllegalStateException: Failed to load ApplicationContext
Caused by: org.springframework.beans.factory.UnsatisfiedDependencyException: Error creating bean with name 'webRequestTrackingFilterRegistrationBean' defined in class path resource [com/microsoft/applicationinsights/autoconfigure/ApplicationInsightsWebMvcAutoConfiguration.class]: Unsatisfied dependency expressed through method 'webRequestTrackingFilterRegistrationBean' parameter 0; nested exception is org.springframework.beans.factory.BeanCreationException: Error creating bean with name 'webRequestTrackingFilter' defined in class path resource [com/microsoft/applicationinsights/autoconfigure/ApplicationInsightsWebMvcAutoConfiguration.class]: Bean instantiation via factory method failed; nested exception is org.springframework.beans.BeanInstantiationException: Failed to instantiate [com.microsoft.applicationinsights.web.internal.WebRequestTrackingFilter]: Factory method 'webRequestTrackingFilter' threw exception; nested exception is java.lang.ExceptionInInitializerError
Caused by: org.springframework.beans.factory.BeanCreationException: Error creating bean with name 'webRequestTrackingFilter' defined in class path resource [com/microsoft/applicationinsights/autoconfigure/ApplicationInsightsWebMvcAutoConfiguration.class]: Bean instantiation via factory method failed; nested exception is org.springframework.beans.BeanInstantiationException: Failed to instantiate [com.microsoft.applicationinsights.web.internal.WebRequestTrackingFilter]: Factory method 'webRequestTrackingFilter' threw exception; nested exception is java.lang.ExceptionInInitializerError
Caused by: org.springframework.beans.BeanInstantiationException: Failed to instantiate [com.microsoft.applicationinsights.web.internal.WebRequestTrackingFilter]: Factory method 'webRequestTrackingFilter' threw exception; nested exception is java.lang.ExceptionInInitializerError
Caused by: java.lang.ExceptionInInitializerError
Caused by: java.lang.SecurityException: class "com.microsoft.applicationinsights.internal.config.WebReflectionUtils"'s signer information does not match signer information of other classes in the same package

